<?xml version="1.0" encoding="UTF-8"?>
<!-- Generated by org.testng.reporters.JUnitReportReporter -->
<testsuite hostname="DESKTOP-53KVE5O" failures="0" tests="1" name="tests.Login" time="0.676" errors="0" timestamp="2022-10-03T15:54:35 WIB" skipped="0">
  <testcase classname="tests.Login" name="login" time="0.676"/>
  <system-out/>
</testsuite> <!-- tests.Login -->
